<?xml version="1.0" encoding="UTF-8"?>
<testng-results ignored="2" total="4" passed="2" failed="0" skipped="0">
  <reporter-output>
    <line>
      <![CDATA[openBrowser]]>
    </line>
    <line>
      <![CDATA[login]]>
    </line>
    <line>
      <![CDATA[CreateCustomer]]>
    </line>
    <line>
      <![CDATA[logout]]>
    </line>
    <line>
      <![CDATA[login]]>
    </line>
    <line>
      <![CDATA[CreateNewProject]]>
    </line>
    <line>
      <![CDATA[logout]]>
    </line>
    <line>
      <![CDATA[closeBrowser]]>
    </line>
  </reporter-output>
  <suite started-at="2022-10-02T17:44:52 IST" name="Suite1" finished-at="2022-10-02T17:46:37 IST" duration-ms="104890">
    <groups>
    </groups>
    <test started-at="2022-10-02T17:44:52 IST" name="Test1" finished-at="2022-10-02T17:46:37 IST" duration-ms="104890">
      <class name="actiTime_testscripts.Task_001_driver">
        <test-method is-config="true" signature="openBrowser()[pri:0, instance:actiTime_testscripts.Task_001_driver@28eaa59a]" started-at="2022-10-02T17:44:52 IST" name="openBrowser" finished-at="2022-10-02T17:44:54 IST" duration-ms="1756" status="PASS">
          <reporter-output>
            <line>
              <![CDATA[openBrowser]]>
            </line>
          </reporter-output>
        </test-method> <!-- openBrowser -->
        <test-method is-config="true" signature="login()[pri:0, instance:actiTime_testscripts.Task_001_driver@28eaa59a]" started-at="2022-10-02T17:44:54 IST" name="login" finished-at="2022-10-02T17:45:03 IST" duration-ms="8876" status="PASS">
          <reporter-output>
            <line>
              <![CDATA[login]]>
            </line>
          </reporter-output>
        </test-method> <!-- login -->
        <test-method signature="Task_001()[pri:0, instance:actiTime_testscripts.Task_001_driver@28eaa59a]" started-at="2022-10-02T17:45:03 IST" name="Task_001" finished-at="2022-10-02T17:45:37 IST" duration-ms="34118" status="PASS">
          <reporter-output>
            <line>
              <![CDATA[CreateCustomer]]>
            </line>
          </reporter-output>
        </test-method> <!-- Task_001 -->
        <test-method is-config="true" signature="logout()[pri:0, instance:actiTime_testscripts.Task_001_driver@28eaa59a]" started-at="2022-10-02T17:45:37 IST" name="logout" finished-at="2022-10-02T17:45:45 IST" duration-ms="8174" status="PASS">
          <reporter-output>
            <line>
              <![CDATA[logout]]>
            </line>
          </reporter-output>
        </test-method> <!-- logout -->
        <test-method is-config="true" signature="closeBrowser()[pri:0, instance:actiTime_testscripts.Task_001_driver@28eaa59a]" started-at="2022-10-02T17:46:37 IST" name="closeBrowser" finished-at="2022-10-02T17:46:37 IST" duration-ms="118" status="PASS">
          <reporter-output>
            <line>
              <![CDATA[closeBrowser]]>
            </line>
          </reporter-output>
        </test-method> <!-- closeBrowser -->
      </class> <!-- actiTime_testscripts.Task_001_driver -->
      <class name="actiTime_testscripts.Task_002_driver">
        <test-method is-config="true" signature="login()[pri:0, instance:actiTime_testscripts.Task_002_driver@619713e5]" started-at="2022-10-02T17:45:45 IST" name="login" finished-at="2022-10-02T17:45:49 IST" duration-ms="3605" status="PASS">
          <reporter-output>
            <line>
              <![CDATA[login]]>
            </line>
          </reporter-output>
        </test-method> <!-- login -->
        <test-method signature="Task_001()[pri:0, instance:actiTime_testscripts.Task_002_driver@619713e5]" started-at="2022-10-02T17:45:49 IST" name="Task_001" finished-at="2022-10-02T17:46:30 IST" duration-ms="41433" status="PASS">
          <reporter-output>
            <line>
              <![CDATA[CreateNewProject]]>
            </line>
          </reporter-output>
        </test-method> <!-- Task_001 -->
        <test-method is-config="true" signature="logout()[pri:0, instance:actiTime_testscripts.Task_002_driver@619713e5]" started-at="2022-10-02T17:46:30 IST" name="logout" finished-at="2022-10-02T17:46:37 IST" duration-ms="6773" status="PASS">
          <reporter-output>
            <line>
              <![CDATA[logout]]>
            </line>
          </reporter-output>
        </test-method> <!-- logout -->
      </class> <!-- actiTime_testscripts.Task_002_driver -->
    </test> <!-- Test1 -->
  </suite> <!-- Suite1 -->
</testng-results>
