<?xml version="1.0" encoding="UTF-8"?>
<testng-results ignored="0" total="1" passed="1" failed="0" skipped="0">
  <reporter-output>
    <line>
      <![CDATA[openBrowser]]>
    </line>
    <line>
      <![CDATA[login]]>
    </line>
    <line>
      <![CDATA[CreateCustomer]]>
    </line>
    <line>
      <![CDATA[logout]]>
    </line>
    <line>
      <![CDATA[closeBrowser]]>
    </line>
  </reporter-output>
  <suite started-at="2022-10-01T23:38:23 IST" name="Default suite" finished-at="2022-10-01T23:39:13 IST" duration-ms="49484">
    <groups>
    </groups>
    <test started-at="2022-10-01T23:38:23 IST" name="Default test" finished-at="2022-10-01T23:39:13 IST" duration-ms="49484">
      <class name="actiTime_testscripts.Task_001_driver">
        <test-method is-config="true" signature="openBrowser()[pri:0, instance:actiTime_testscripts.Task_001_driver@3d51f06e]" started-at="2022-10-01T23:38:23 IST" name="openBrowser" finished-at="2022-10-01T23:38:25 IST" duration-ms="1719" status="PASS">
          <reporter-output>
            <line>
              <![CDATA[openBrowser]]>
            </line>
          </reporter-output>
        </test-method> <!-- openBrowser -->
        <test-method is-config="true" signature="login()[pri:0, instance:actiTime_testscripts.Task_001_driver@3d51f06e]" started-at="2022-10-01T23:38:25 IST" name="login" finished-at="2022-10-01T23:38:35 IST" duration-ms="9772" status="PASS">
          <reporter-output>
            <line>
              <![CDATA[login]]>
            </line>
          </reporter-output>
        </test-method> <!-- login -->
        <test-method signature="Task_001()[pri:0, instance:actiTime_testscripts.Task_001_driver@3d51f06e]" started-at="2022-10-01T23:38:35 IST" name="Task_001" finished-at="2022-10-01T23:39:07 IST" duration-ms="32271" status="PASS">
          <reporter-output>
            <line>
              <![CDATA[CreateCustomer]]>
            </line>
          </reporter-output>
        </test-method> <!-- Task_001 -->
        <test-method is-config="true" signature="logout()[pri:0, instance:actiTime_testscripts.Task_001_driver@3d51f06e]" started-at="2022-10-01T23:39:07 IST" name="logout" finished-at="2022-10-01T23:39:13 IST" duration-ms="5556" status="PASS">
          <reporter-output>
            <line>
              <![CDATA[logout]]>
            </line>
          </reporter-output>
        </test-method> <!-- logout -->
        <test-method is-config="true" signature="closeBrowser()[pri:0, instance:actiTime_testscripts.Task_001_driver@3d51f06e]" started-at="2022-10-01T23:39:13 IST" name="closeBrowser" finished-at="2022-10-01T23:39:13 IST" duration-ms="136" status="PASS">
          <reporter-output>
            <line>
              <![CDATA[closeBrowser]]>
            </line>
          </reporter-output>
        </test-method> <!-- closeBrowser -->
      </class> <!-- actiTime_testscripts.Task_001_driver -->
    </test> <!-- Default test -->
  </suite> <!-- Default suite -->
</testng-results>
