<?xml version="1.0" encoding="UTF-8"?>
<!-- Generated by org.testng.reporters.JUnitXMLReporter -->
<testsuite ignored="2" hostname="DESKTOP-M2MC62A" failures="0" tests="2" name="Test1" time="104.89" errors="0" timestamp="2022-10-02T17:46:37 IST">
  <testcase classname="actiTime_testscripts.Task_001_driver" name="Task_001" time="34.118"/>
  <testcase classname="actiTime_testscripts.Task_002_driver" name="Task_001" time="41.433"/>
  <testcase classname="actiTime_Generic.BaseClass" name="@BeforeTest openBrowser" time="0.0">
    <ignored/>
  </testcase> <!-- @BeforeTest openBrowser -->
  <testcase classname="actiTime_Generic.BaseClass" name="@AfterTest closeBrowser" time="0.0">
    <ignored/>
  </testcase> <!-- @AfterTest closeBrowser -->
</testsuite> <!-- Test1 -->
